Info: Starting: Create HDL design files for synthesis
Info: qsys-generate C:\Users\Andrew\Vector\USER\A_D\GitHub\Cyclone10_NiosII_Example\nios2.qsys --synthesis=VERILOG --output-directory=C:\Users\Andrew\Vector\USER\A_D\GitHub\Cyclone10_NiosII_Example\nios2\synthesis --family="Cyclone 10 LP" --part=10CL025YU256I7G
Progress: Loading Cyclone10_NiosII_Example/nios2.qsys
Progress: Reading input file
Progress: Adding clk_0 [clock_source 18.0]
Progress: Parameterizing module clk_0
Progress: Adding jtag_uart_0 [altera_avalon_jtag_uart 18.0]
Progress: Parameterizing module jtag_uart_0
Progress: Adding nios2_gen2_0 [altera_nios2_gen2 18.0]
Progress: Parameterizing module nios2_gen2_0
Progress: Adding onchip_memory2_0 [altera_avalon_onchip_memory2 18.0]
Progress: Parameterizing module onchip_memory2_0
Progress: Adding pio_0 [altera_avalon_pio 18.0]
Progress: Parameterizing module pio_0
Progress: Adding sysid_qsys_0 [altera_avalon_sysid_qsys 18.0]
Progress: Parameterizing module sysid_qsys_0
Progress: Building connections
Progress: Parameterizing connections
Progress: Validating
Progress: Done reading input file
Info: nios2.jtag_uart_0: JTAG UART IP input clock need to be at least double (2x) the operating frequency of JTAG TCK on board
Info: nios2.sysid_qsys_0: System ID is not assigned automatically. Edit the System ID parameter to provide a unique ID
Info: nios2.sysid_qsys_0: Time stamp will be automatically updated when this component is generated.
Info: nios2: Generating nios2 "nios2" for QUARTUS_SYNTH
Info: jtag_uart_0: Starting RTL generation for module 'nios2_jtag_uart_0'
Info: jtag_uart_0:   Generation command is [exec C:/intelfpga/18.0l/quartus/bin64/perl/bin/perl.exe -I C:/intelfpga/18.0l/quartus/bin64/perl/lib -I C:/intelfpga/18.0l/quartus/sopc_builder/bin/europa -I C:/intelfpga/18.0l/quartus/sopc_builder/bin/perl_lib -I C:/intelfpga/18.0l/quartus/sopc_builder/bin -I C:/intelfpga/18.0l/quartus/../ip/altera/sopc_builder_ip/common -I C:/intelfpga/18.0l/quartus/../ip/altera/sopc_builder_ip/altera_avalon_jtag_uart -- C:/intelfpga/18.0l/quartus/../ip/altera/sopc_builder_ip/altera_avalon_jtag_uart/generate_rtl.pl --name=nios2_jtag_uart_0 --dir=C:/WINDOWS/TEMP/alt7733_9162217514524361164.dir/0026_jtag_uart_0_gen/ --quartus_dir=C:/intelfpga/18.0l/quartus --verilog --config=C:/WINDOWS/TEMP/alt7733_9162217514524361164.dir/0026_jtag_uart_0_gen//nios2_jtag_uart_0_component_configuration.pl  --do_build_sim=0  ]
Info: jtag_uart_0: Done RTL generation for module 'nios2_jtag_uart_0'
Info: jtag_uart_0: "nios2" instantiated altera_avalon_jtag_uart "jtag_uart_0"
Info: nios2_gen2_0: "nios2" instantiated altera_nios2_gen2 "nios2_gen2_0"
Info: onchip_memory2_0: Starting RTL generation for module 'nios2_onchip_memory2_0'
Info: onchip_memory2_0:   Generation command is [exec C:/intelfpga/18.0l/quartus/bin64/perl/bin/perl.exe -I C:/intelfpga/18.0l/quartus/bin64/perl/lib -I C:/intelfpga/18.0l/quartus/sopc_builder/bin/europa -I C:/intelfpga/18.0l/quartus/sopc_builder/bin/perl_lib -I C:/intelfpga/18.0l/quartus/sopc_builder/bin -I C:/intelfpga/18.0l/quartus/../ip/altera/sopc_builder_ip/common -I C:/intelfpga/18.0l/quartus/../ip/altera/sopc_builder_ip/altera_avalon_onchip_memory2 -- C:/intelfpga/18.0l/quartus/../ip/altera/sopc_builder_ip/altera_avalon_onchip_memory2/generate_rtl.pl --name=nios2_onchip_memory2_0 --dir=C:/WINDOWS/TEMP/alt7733_9162217514524361164.dir/0027_onchip_memory2_0_gen/ --quartus_dir=C:/intelfpga/18.0l/quartus --verilog --config=C:/WINDOWS/TEMP/alt7733_9162217514524361164.dir/0027_onchip_memory2_0_gen//nios2_onchip_memory2_0_component_configuration.pl  --do_build_sim=0  ]
Info: onchip_memory2_0: Done RTL generation for module 'nios2_onchip_memory2_0'
Info: onchip_memory2_0: "nios2" instantiated altera_avalon_onchip_memory2 "onchip_memory2_0"
Info: pio_0: Starting RTL generation for module 'nios2_pio_0'
Info: pio_0:   Generation command is [exec C:/intelfpga/18.0l/quartus/bin64/perl/bin/perl.exe -I C:/intelfpga/18.0l/quartus/bin64/perl/lib -I C:/intelfpga/18.0l/quartus/sopc_builder/bin/europa -I C:/intelfpga/18.0l/quartus/sopc_builder/bin/perl_lib -I C:/intelfpga/18.0l/quartus/sopc_builder/bin -I C:/intelfpga/18.0l/quartus/../ip/altera/sopc_builder_ip/common -I C:/intelfpga/18.0l/quartus/../ip/altera/sopc_builder_ip/altera_avalon_pio -- C:/intelfpga/18.0l/quartus/../ip/altera/sopc_builder_ip/altera_avalon_pio/generate_rtl.pl --name=nios2_pio_0 --dir=C:/WINDOWS/TEMP/alt7733_9162217514524361164.dir/0028_pio_0_gen/ --quartus_dir=C:/intelfpga/18.0l/quartus --verilog --config=C:/WINDOWS/TEMP/alt7733_9162217514524361164.dir/0028_pio_0_gen//nios2_pio_0_component_configuration.pl  --do_build_sim=0  ]
Info: pio_0: Done RTL generation for module 'nios2_pio_0'
Info: pio_0: "nios2" instantiated altera_avalon_pio "pio_0"
Info: sysid_qsys_0: "nios2" instantiated altera_avalon_sysid_qsys "sysid_qsys_0"
Info: avalon_st_adapter: Inserting error_adapter: error_adapter_0
Info: avalon_st_adapter_001: Inserting error_adapter: error_adapter_0
Info: avalon_st_adapter_002: Inserting error_adapter: error_adapter_0
Info: avalon_st_adapter_003: Inserting error_adapter: error_adapter_0
Info: avalon_st_adapter_004: Inserting error_adapter: error_adapter_0
Info: mm_interconnect_0: "nios2" instantiated altera_mm_interconnect "mm_interconnect_0"
Info: irq_mapper: "nios2" instantiated altera_irq_mapper "irq_mapper"
Info: rst_controller: "nios2" instantiated altera_reset_controller "rst_controller"
Info: cpu: Starting RTL generation for module 'nios2_nios2_gen2_0_cpu'
Info: cpu:   Generation command is [exec C:/IntelFPGA/18.0L/quartus/bin64//eperlcmd.exe -I C:/IntelFPGA/18.0L/quartus/bin64//perl/lib -I C:/intelfpga/18.0l/quartus/sopc_builder/bin/europa -I C:/intelfpga/18.0l/quartus/sopc_builder/bin/perl_lib -I C:/intelfpga/18.0l/quartus/sopc_builder/bin -I C:/intelfpga/18.0l/quartus/../ip/altera/nios2_ip/altera_nios2_gen2/cpu_lib -I C:/intelfpga/18.0l/quartus/../ip/altera/nios2_ip/altera_nios2_gen2/nios_lib -I C:/intelfpga/18.0l/quartus/../ip/altera/nios2_ip/altera_nios2_gen2 -I C:/intelfpga/18.0l/quartus/../ip/altera/nios2_ip/altera_nios2_gen2 -- C:/intelfpga/18.0l/quartus/../ip/altera/nios2_ip/altera_nios2_gen2/generate_rtl.epl --name=nios2_nios2_gen2_0_cpu --dir=C:/WINDOWS/TEMP/alt7733_9162217514524361164.dir/0032_cpu_gen/ --quartus_bindir=C:/IntelFPGA/18.0L/quartus/bin64/ --verilog --config=C:/WINDOWS/TEMP/alt7733_9162217514524361164.dir/0032_cpu_gen//nios2_nios2_gen2_0_cpu_processor_configuration.pl  --do_build_sim=0  ]
Info: cpu: # 2018.07.21 13:50:17 (*) Starting Nios II generation
Info: cpu: # 2018.07.21 13:50:17 (*)   Checking for plaintext license.
Info: cpu: # 2018.07.21 13:50:18 (*)   Plaintext license not found.
Info: cpu: # 2018.07.21 13:50:18 (*)   No license required to generate encrypted Nios II/e.
Info: cpu: # 2018.07.21 13:50:18 (*)   Elaborating CPU configuration settings
Info: cpu: # 2018.07.21 13:50:18 (*)   Creating all objects for CPU
Info: cpu: # 2018.07.21 13:50:19 (*)   Generating RTL from CPU objects
Info: cpu: # 2018.07.21 13:50:19 (*)   Creating plain-text RTL
Info: cpu: # 2018.07.21 13:50:20 (*) Done Nios II generation
Info: cpu: Done RTL generation for module 'nios2_nios2_gen2_0_cpu'
Info: cpu: "nios2_gen2_0" instantiated altera_nios2_gen2_unit "cpu"
Info: nios2_gen2_0_data_master_translator: "mm_interconnect_0" instantiated altera_merlin_master_translator "nios2_gen2_0_data_master_translator"
Info: jtag_uart_0_avalon_jtag_slave_translator: "mm_interconnect_0" instantiated altera_merlin_slave_translator "jtag_uart_0_avalon_jtag_slave_translator"
Info: nios2_gen2_0_data_master_agent: "mm_interconnect_0" instantiated altera_merlin_master_agent "nios2_gen2_0_data_master_agent"
Info: jtag_uart_0_avalon_jtag_slave_agent: "mm_interconnect_0" instantiated altera_merlin_slave_agent "jtag_uart_0_avalon_jtag_slave_agent"
Info: jtag_uart_0_avalon_jtag_slave_agent_rsp_fifo: "mm_interconnect_0" instantiated altera_avalon_sc_fifo "jtag_uart_0_avalon_jtag_slave_agent_rsp_fifo"
Info: router: "mm_interconnect_0" instantiated altera_merlin_router "router"
Info: router_001: "mm_interconnect_0" instantiated altera_merlin_router "router_001"
Info: router_002: "mm_interconnect_0" instantiated altera_merlin_router "router_002"
Info: router_004: "mm_interconnect_0" instantiated altera_merlin_router "router_004"
Info: cmd_demux: "mm_interconnect_0" instantiated altera_merlin_demultiplexer "cmd_demux"
Info: cmd_demux_001: "mm_interconnect_0" instantiated altera_merlin_demultiplexer "cmd_demux_001"
Info: cmd_mux: "mm_interconnect_0" instantiated altera_merlin_multiplexer "cmd_mux"
Info: cmd_mux_002: "mm_interconnect_0" instantiated altera_merlin_multiplexer "cmd_mux_002"
Info: Reusing file C:/Users/Andrew/Vector/USER/A_D/GitHub/Cyclone10_NiosII_Example/nios2/synthesis/submodules/altera_merlin_arbitrator.sv
Info: rsp_demux: "mm_interconnect_0" instantiated altera_merlin_demultiplexer "rsp_demux"
Info: rsp_mux: "mm_interconnect_0" instantiated altera_merlin_multiplexer "rsp_mux"
Info: Reusing file C:/Users/Andrew/Vector/USER/A_D/GitHub/Cyclone10_NiosII_Example/nios2/synthesis/submodules/altera_merlin_arbitrator.sv
Info: rsp_mux_001: "mm_interconnect_0" instantiated altera_merlin_multiplexer "rsp_mux_001"
Info: Reusing file C:/Users/Andrew/Vector/USER/A_D/GitHub/Cyclone10_NiosII_Example/nios2/synthesis/submodules/altera_merlin_arbitrator.sv
Info: avalon_st_adapter: "mm_interconnect_0" instantiated altera_avalon_st_adapter "avalon_st_adapter"
Info: error_adapter_0: "avalon_st_adapter" instantiated error_adapter "error_adapter_0"
Info: nios2: Done "nios2" with 28 modules, 41 files
Info: qsys-generate succeeded.
Info: Finished: Create HDL design files for synthesis
